
> @workspace/api-server@0.0.0 dev
> export NODE_ENV=development && pnpm run build && pnpm run start


> @workspace/api-server@0.0.0 build /workspaces/Automation-Bot/Vendor-Connect-Hub/artifacts/api-server
> node ./build.mjs


  dist/index.mjs                       3.9mb ⚠️
  dist/pino-worker.mjs               153.4kb
  dist/pino-file.mjs                 142.1kb
  dist/pino-pretty.mjs               114.6kb
  dist/thread-stream-worker.mjs        7.3kb
  dist/index.mjs.map                   7.8mb
  dist/pino-worker.mjs.map           256.9kb
  dist/pino-file.mjs.map             229.1kb
  dist/pino-pretty.mjs.map           203.9kb
  dist/thread-stream-worker.mjs.map   12.0kb

⚡ Done in 4412ms

> @workspace/api-server@0.0.0 start /workspaces/Automation-Bot/Vendor-Connect-Hub/artifacts/api-server
> node --enable-source-maps ./dist/index.mjs

/workspaces/Automation-Bot/Vendor-Connect-Hub/artifacts/api-server/src/index.ts:12
  throw new Error(
        ^

Error: PORT environment variable is required but was not provided.
    at <anonymous> (/workspaces/Automation-Bot/Vendor-Connect-Hub/artifacts/api-server/src/index.ts:12:9)
    at ModuleJob.run (node:internal/modules/esm/module_job:430:25)
    at async onImport.tracePromise.__proto__ (node:internal/modules/esm/loader:661:26)
    at async asyncRunEntryPointWithESMLoader (node:internal/modules/run_main:101:5)

Node.js v24.14.0
 ELIFECYCLE  Command failed with exit code 1.
npm notice
npm notice New minor version of npm available! 11.9.0 -> 11.14.1
npm notice Changelog: https://github.com/npm/cli/releases/tag/v11.14.1
npm notice To update run: npm install -g npm@11.14.1
npm notice
